<?xml version="1.0" encoding="UTF-8"?>
<testng-results ignored="0" total="1" passed="1" failed="0" skipped="0">
  <reporter-output>
    <line>
      <![CDATA[Open the browser]]>
    </line>
    <line>
      <![CDATA[Login the application]]>
    </line>
    <line>
      <![CDATA[Logout the application]]>
    </line>
    <line>
      <![CDATA[Close the browser]]>
    </line>
  </reporter-output>
  <suite started-at="2023-07-22T00:19:29 IST" name="Default suite" finished-at="2023-07-22T00:20:13 IST" duration-ms="43674">
    <groups>
    </groups>
    <test started-at="2023-07-22T00:19:29 IST" name="Default test" finished-at="2023-07-22T00:20:13 IST" duration-ms="43674">
      <class name="com.actitime.testscripts.CreateProject">
        <test-method is-config="true" signature="openBrowser()[pri:0, instance:com.actitime.testscripts.CreateProject@3eb738bb]" started-at="2023-07-22T00:19:29 IST" name="openBrowser" finished-at="2023-07-22T00:19:38 IST" duration-ms="8889" status="PASS">
          <reporter-output>
            <line>
              <![CDATA[Open the browser]]>
            </line>
          </reporter-output>
        </test-method> <!-- openBrowser -->
        <test-method is-config="true" signature="Login()[pri:0, instance:com.actitime.testscripts.CreateProject@3eb738bb]" started-at="2023-07-22T00:19:38 IST" name="Login" finished-at="2023-07-22T00:19:50 IST" duration-ms="12072" status="PASS">
          <reporter-output>
            <line>
              <![CDATA[Login the application]]>
            </line>
          </reporter-output>
        </test-method> <!-- Login -->
        <test-method signature="testCreateProject()[pri:0, instance:com.actitime.testscripts.CreateProject@3eb738bb]" started-at="2023-07-22T00:19:50 IST" name="testCreateProject" finished-at="2023-07-22T00:20:06 IST" duration-ms="16168" status="PASS">
          <reporter-output>
          </reporter-output>
        </test-method> <!-- testCreateProject -->
        <test-method is-config="true" signature="Logout()[pri:0, instance:com.actitime.testscripts.CreateProject@3eb738bb]" started-at="2023-07-22T00:20:06 IST" name="Logout" finished-at="2023-07-22T00:20:12 IST" duration-ms="5795" status="PASS">
          <reporter-output>
            <line>
              <![CDATA[Logout the application]]>
            </line>
          </reporter-output>
        </test-method> <!-- Logout -->
        <test-method is-config="true" signature="closeBrowser()[pri:0, instance:com.actitime.testscripts.CreateProject@3eb738bb]" started-at="2023-07-22T00:20:12 IST" name="closeBrowser" finished-at="2023-07-22T00:20:13 IST" duration-ms="590" status="PASS">
          <reporter-output>
            <line>
              <![CDATA[Close the browser]]>
            </line>
          </reporter-output>
        </test-method> <!-- closeBrowser -->
      </class> <!-- com.actitime.testscripts.CreateProject -->
    </test> <!-- Default test -->
  </suite> <!-- Default suite -->
</testng-results>
